//////////////////////////////🙈🙈🙈🙈🙈old css🙈🙈🙈🙈🙈🙈🙈🙈 ///////////////////////////////////////
 /* @import url('https://fonts.googleapis.com/css2?family=Poppins:wght@400;600;800&display=swap');  */

 /* // select all of the elements before and after */
 /* *,
 *::before,
 *::after {
     box-sizing: border-box;
     font-family: 'Poppins', sans-serif;
     font-weight: 600;
 } */

 root {

     --blue: #71D6E0;
     --darkBlue: #6FA6DC;
     --greenCorrect: #CCE8AB;
     --darkgreen: #6CC1A2;
     --yellow: #FBEB93;
     --pink: #E8B2D6;
     --lightPink: #F6DEEC;
     --darkPink: #DB67AE;
     --orange: #FFC069;
     --darkOrangeWrong: #C24A0B;
     --purple: #9557A4;
 }


 body {
     padding: 0;
     margin: 0;
     width: 100vw;
     height: 100vh;
     display: flex;
     justify-content: center;
     align-items: center;
     background-color: #6FA6DC;
 }

 body.correct{
    background-color: #CCE8AB;
 }

 body.wrong{
    background-color: #C24A0B;
 }


 .quiz-container {
    width:800px;
    max-width:80%;
    background-color: #F6DEEC;
    border-radius:5px;
    padding:12px;
    box-shadow: 0 0 10px 2px;
 }

 .btn-grid {
    display: grid;
    grid-template-columns: repeat(2, auto);
    gap:12px;
    margin: 20px 0;
 }


 #start-btn,
 #next-btn {
background-color: #DB67AE;
padding:10px 20px

 }


 .btn{
    background-color: #71D6E0;
    border: 2px solid #6FA6DC;
    border-radius: 5px;
    padding: 10px 10px ;
    
 }

 .btn:hover{
    border-color:#9557A4 ;
 }
 

 .btn.correct {
    background-color:#CCE8AB ;
 }

 .btn.wrong  {
    background-color:#C24A0B ;
 }
 

 .controllers{
    display: flex;
    justify-content: center;
    
 }

 .🙈 {
    display:none;
 }



 /////////🙈🙈🙈🙈🙈🙈old html🙈🙈🙈🙈🙈🙈🙈//////////////////////////
 <!DOCTYPE html>
<html lang="en">
<head>
    <meta charset="UTF-8">
    <meta http-equiv="X-UA-Compatible" content="IE=edge">
    <meta name="viewport" content="width=device-width, initial-scale=1.0">
    <link rel="preconnect" href="https://fonts.googleapis.com"><link rel="preconnect" href="https://fonts.gstatic.com" crossorigin><link href="https://fonts.googleapis.com/css2?family=Poppins:wght@400;600;800&display=swap" rel="stylesheet">
    <link href="./assets/CS/style.css" rel="stylesheet">
    <title>Quiz App</title>
</head>
<body >
    <div class="quiz-container">
      <div id="questions-container" class="🙈">
        <div id="question">QUESTION </div>
        <div id="answer-btns" class="btn-grid">
          <button class="btn">Answer 1</button>
          <button class="btn">Answer 1</button>
          <button class="btn">Answer 1</button>
          <button class="btn">Answer 1</button>
        </div>
      </div>
      <div class="controllers">
        <button id="start-btn" class="start-btn btn">START</button>
        <button id="next-btn" class="next-btn btn 🙈">NEXT</button>
      </div>
    </div>
</body>
<script scr="./assets/JS/script.js"></script>
</html>

////🙈🙈🙈🙈🙈🙈old javascript🙈🙈🙈🙈🙈🙈🙈/////////////
// const startBtn = document.getElementById('start-btn')

// startBtn.addEventListener('click', startGame)


// //need to start the game when start button is clicked
// function startGame(){
// console.log('started')
// }

// //need f{x} to go to next  question
// function poseNextQuestion(){

// }

// //selecting answer

// function selectAnswer (){

// }



/////////////////////////////////////////////////////////////////

<!-- HTML !-->
<button class="button-1" role="button">Button 1</button>

/* CSS */
.button-1 {
  background-color: #EA4C89;
  border-radius: 8px;
  border-style: none;
  box-sizing: border-box;
  color: #FFFFFF;
  cursor: pointer;
  display: inline-block;
  font-family: "Haas Grot Text R Web", "Helvetica Neue", Helvetica, Arial, sans-serif;
  font-size: 14px;
  font-weight: 500;
  height: 40px;
  line-height: 20px;
  list-style: none;
  margin: 0;
  outline: none;
  padding: 10px 16px;
  position: relative;
  text-align: center;
  text-decoration: none;
  transition: color 100ms;
  vertical-align: baseline;
  user-select: none;
  -webkit-user-select: none;
  touch-action: manipulation;
}

.button-1:hover,
.button-1:focus {
  background-color: #F082AC;
}